<?xml version="1.0" encoding="UTF-8"?>
<testng-results skipped="0" failed="0" ignored="0" total="1" passed="1">
  <reporter-output>
  </reporter-output>
  <suite name="Default suite" duration-ms="42342" started-at="2018-01-08T17:45:05Z" finished-at="2018-01-08T17:45:47Z">
    <groups>
    </groups>
    <test name="Default test" duration-ms="42342" started-at="2018-01-08T17:45:05Z" finished-at="2018-01-08T17:45:47Z">
      <class name="testscripts.NewTest">
        <test-method status="PASS" signature="precondition()[pri:0, instance:testscripts.NewTest@1b604f19]" name="precondition" is-config="true" duration-ms="28995" started-at="2018-01-08T23:15:05Z" finished-at="2018-01-08T23:15:34Z">
          <reporter-output>
          </reporter-output>
        </test-method> <!-- precondition -->
        <test-method status="PASS" signature="bookTicket()[pri:0, instance:testscripts.NewTest@1b604f19]" name="bookTicket" duration-ms="13275" started-at="2018-01-08T23:15:34Z" finished-at="2018-01-08T23:15:47Z">
          <reporter-output>
          </reporter-output>
        </test-method> <!-- bookTicket -->
        <test-method status="PASS" signature="tearDown()[pri:0, instance:testscripts.NewTest@1b604f19]" name="tearDown" is-config="true" duration-ms="2" started-at="2018-01-08T23:15:47Z" finished-at="2018-01-08T23:15:47Z">
          <reporter-output>
          </reporter-output>
        </test-method> <!-- tearDown -->
      </class> <!-- testscripts.NewTest -->
    </test> <!-- Default test -->
  </suite> <!-- Default suite -->
</testng-results>
